<?xml version="1.0" encoding="UTF-8"?>
<!-- Generated by org.testng.reporters.JUnitXMLReporter -->
<testsuite hostname="user" ignored="0" name="Command line test" tests="5" failures="0" timestamp="05 Jul 2018 23:18:57 GMT" time="16.364" errors="0">
  <testcase name="@BeforeTest setUp" time="16.256" classname="org.naic.mfl.se.challenge.ChekOutTest">
    <failure type="java.lang.ClassCastException" message="org.openqa.selenium.remote.RemoteWebDriver$RemoteWebDriverOptions$RemoteTimeouts cannot be cast to org.openqa.selenium.support.ui.WebDriverWait">
      <![CDATA[java.lang.ClassCastException: org.openqa.selenium.remote.RemoteWebDriver$RemoteWebDriverOptions$RemoteTimeouts cannot be cast to org.openqa.selenium.support.ui.WebDriverWaitat utility.BrowserFactory.start_Browser(BrowserFactory.java:35)at org.naic.mfl.se.challenge.ChekOutTest.setUp(ChekOutTest.java:21)... Removed 34 stack frames]]>
    </failure>
  </testcase> <!-- @BeforeTest setUp -->
  <testcase name="@BeforeTest setUp" time="0.0" classname="org.naic.mfl.se.challenge.LoginTest">
    <skipped/>
  </testcase> <!-- @BeforeTest setUp -->
  <testcase name="@BeforeTest setUp" time="0.0" classname="org.naic.mfl.se.challenge.SignInTest">
    <skipped/>
  </testcase> <!-- @BeforeTest setUp -->
  <testcase name="@BeforeTest setUp" time="0.0" classname="org.naic.mfl.se.challenge.WebTest">
    <skipped/>
  </testcase> <!-- @BeforeTest setUp -->
  <testcase name="@AfterTest closeBrowser" time="0.0" classname="org.naic.mfl.se.challenge.ChekOutTest">
    <skipped/>
  </testcase> <!-- @AfterTest closeBrowser -->
  <testcase name="@AfterTest closeBrowser" time="0.0" classname="org.naic.mfl.se.challenge.LoginTest">
    <skipped/>
  </testcase> <!-- @AfterTest closeBrowser -->
  <testcase name="chekForUser" time="0.0" classname="org.naic.mfl.se.challenge.LoginTest">
    <skipped/>
  </testcase> <!-- chekForUser -->
  <testcase name="signInTest" time="0.0" classname="org.naic.mfl.se.challenge.SignInTest">
    <skipped/>
  </testcase> <!-- signInTest -->
  <testcase name="checkoutTest" time="0.0" classname="org.naic.mfl.se.challenge.WebTest">
    <skipped/>
  </testcase> <!-- checkoutTest -->
  <testcase name="logInTest" time="0.0" classname="org.naic.mfl.se.challenge.WebTest">
    <skipped/>
  </testcase> <!-- logInTest -->
  <testcase name="signInTest" time="0.0" classname="org.naic.mfl.se.challenge.WebTest">
    <skipped/>
  </testcase> <!-- signInTest -->
</testsuite> <!-- Command line test -->
