<?xml version="1.0" encoding="UTF-8" ?>
<testsuite tests="11" failures="1" name="TestSuite" time="193.283" errors="0" skipped="10">
  <properties>
[...]
</properties>
  <testcase classname="org.naic.mfl.se.challenge.ChekOutTest" name="setUp" time="17.526">
    <failure message="org.openqa.selenium.remote.RemoteWebDriver$RemoteWebDriverOptions$RemoteTimeouts cannot be cast to org.openqa.selenium.support.ui.WebDriverWait" type="java.lang.ClassCastException">java.lang.ClassCastException: org.openqa.selenium.remote.RemoteWebDriver$RemoteWebDriverOptions$RemoteTimeouts cannot be cast to org.openqa.selenium.support.ui.WebDriverWait
	at utility.BrowserFactory.start_Browser(BrowserFactory.java:35)
	at org.naic.mfl.se.challenge.ChekOutTest.setUp(ChekOutTest.java:21)
</failure>
    <system-out>Configuring TestNG with: org.apache.maven.surefire.testng.conf.TestNG652Configurator@1e81f4dc
</system-out>
    <system-err>Starting ChromeDriver 2.38.552522 (437e6fbedfa8762dec75e2c5b3ddb86763dc9dcb) on port 43656
Only local connections are allowed.
Jul 05, 2018 7:18:51 PM org.openqa.selenium.remote.ProtocolHandshake createSession
INFO: Detected dialect: OSS
</system-err>
  </testcase>
  <testcase classname="org.naic.mfl.se.challenge.ChekOutTest" name="setUp" time="17.534">
    <skipped/>
  </testcase>
  <testcase classname="org.naic.mfl.se.challenge.ChekOutTest" name="setUp" time="17.534">
    <skipped/>
  </testcase>
  <testcase classname="org.naic.mfl.se.challenge.ChekOutTest" name="setUp" time="17.534">
    <skipped/>
  </testcase>
  <testcase classname="org.naic.mfl.se.challenge.LoginTest" name="chekForUser" time="17.589">
    <skipped/>
  </testcase>
  <testcase classname="org.naic.mfl.se.challenge.SignInTest" name="signInTest" time="17.589">
    <skipped/>
  </testcase>
  <testcase classname="org.naic.mfl.se.challenge.WebTest" name="checkoutTest" time="17.589">
    <skipped/>
  </testcase>
  <testcase classname="org.naic.mfl.se.challenge.WebTest" name="logInTest" time="17.589">
    <skipped/>
  </testcase>
  <testcase classname="org.naic.mfl.se.challenge.WebTest" name="signInTest" time="17.589">
    <skipped/>
  </testcase>
  <testcase classname="org.naic.mfl.se.challenge.ChekOutTest" name="closeBrowser" time="17.605">
    <skipped/>
  </testcase>
  <testcase classname="org.naic.mfl.se.challenge.ChekOutTest" name="closeBrowser" time="17.605">
    <skipped/>
  </testcase>
</testsuite>