<?xml version="1.0" encoding="UTF-8"?>
<testng-results skipped="0" failed="0" ignored="0" total="1" passed="1">
  <reporter-output>
  </reporter-output>
  <suite name="Default suite" duration-ms="33316" started-at="2018-07-06T13:15:44Z" finished-at="2018-07-06T13:16:17Z">
    <groups>
    </groups>
    <test name="Default test" duration-ms="33316" started-at="2018-07-06T13:15:44Z" finished-at="2018-07-06T13:16:17Z">
      <class name="org.naic.mfl.se.challenge.ChekOutTest">
        <test-method status="PASS" signature="setUp()[pri:0, instance:org.naic.mfl.se.challenge.ChekOutTest@cc285f4]" name="setUp" is-config="true" duration-ms="11476" started-at="2018-07-06T09:15:44Z" finished-at="2018-07-06T09:15:55Z">
          <reporter-output>
          </reporter-output>
        </test-method> <!-- setUp -->
        <test-method status="PASS" signature="checkoutTest()[pri:0, instance:org.naic.mfl.se.challenge.ChekOutTest@cc285f4]" name="checkoutTest" duration-ms="21375" started-at="2018-07-06T09:15:55Z" finished-at="2018-07-06T09:16:17Z">
          <reporter-output>
          </reporter-output>
        </test-method> <!-- checkoutTest -->
        <test-method status="PASS" signature="closeWindow()[pri:0, instance:org.naic.mfl.se.challenge.ChekOutTest@cc285f4]" name="closeWindow" is-config="true" duration-ms="370" started-at="2018-07-06T09:16:17Z" finished-at="2018-07-06T09:16:17Z">
          <reporter-output>
          </reporter-output>
        </test-method> <!-- closeWindow -->
      </class> <!-- org.naic.mfl.se.challenge.ChekOutTest -->
    </test> <!-- Default test -->
  </suite> <!-- Default suite -->
</testng-results>
