<?xml version="1.0" encoding="UTF-8"?>
<testng-results skipped="0" failed="0" ignored="0" total="1" passed="1">
  <reporter-output>
  </reporter-output>
  <suite name="Default suite" duration-ms="17113" started-at="2018-07-06T05:43:56Z" finished-at="2018-07-06T05:44:14Z">
    <groups>
    </groups>
    <test name="Default test" duration-ms="17113" started-at="2018-07-06T05:43:56Z" finished-at="2018-07-06T05:44:14Z">
      <class name="org.naic.mfl.se.challenge.LoginTest">
        <test-method status="PASS" signature="setUp()[pri:0, instance:org.naic.mfl.se.challenge.LoginTest@cc285f4]" name="setUp" is-config="true" duration-ms="11093" started-at="2018-07-06T01:43:56Z" finished-at="2018-07-06T01:44:08Z">
          <reporter-output>
          </reporter-output>
        </test-method> <!-- setUp -->
        <test-method status="PASS" signature="chekForUser()[pri:0, instance:org.naic.mfl.se.challenge.LoginTest@cc285f4]" name="chekForUser" duration-ms="5509" started-at="2018-07-06T01:44:08Z" finished-at="2018-07-06T01:44:13Z">
          <reporter-output>
          </reporter-output>
        </test-method> <!-- chekForUser -->
        <test-method status="PASS" signature="closeWindow()[pri:0, instance:org.naic.mfl.se.challenge.LoginTest@cc285f4]" name="closeWindow" is-config="true" duration-ms="417" started-at="2018-07-06T01:44:13Z" finished-at="2018-07-06T01:44:14Z">
          <reporter-output>
          </reporter-output>
        </test-method> <!-- closeWindow -->
      </class> <!-- org.naic.mfl.se.challenge.LoginTest -->
    </test> <!-- Default test -->
  </suite> <!-- Default suite -->
</testng-results>
